<?xml version="1.0" encoding="UTF-8"?>
<coverage generated="1614901786368" clover="3.2.0">
  <project timestamp="1614901786369" name="All files">
    <metrics statements="98" coveredstatements="74" conditionals="29" coveredconditionals="19" methods="30" coveredmethods="24" elements="157" coveredelements="117" complexity="0" loc="98" ncloc="98" packages="1" files="1" classes="1"/>
    <file name="FileSystemManager.ts" path="C:\src\refactor-template\src\FileSystemManager.ts">
      <metrics statements="98" coveredstatements="74" conditionals="29" coveredconditionals="19" methods="30" coveredmethods="24"/>
      <line num="1" count="1" type="stmt"/>
      <line num="2" count="1" type="stmt"/>
      <line num="4" count="1" type="stmt"/>
      <line num="6" count="20" type="stmt"/>
      <line num="10" count="16" type="stmt"/>
      <line num="15" count="1" type="stmt"/>
      <line num="17" count="1" type="stmt"/>
      <line num="22" count="1" type="stmt"/>
      <line num="24" count="1" type="stmt"/>
      <line num="29" count="1" type="stmt"/>
      <line num="31" count="11" type="stmt"/>
      <line num="38" count="1" type="stmt"/>
      <line num="40" count="7" type="stmt"/>
      <line num="44" count="1" type="stmt"/>
      <line num="57" count="16" type="stmt"/>
      <line num="65" count="16" type="stmt"/>
      <line num="66" count="16" type="stmt"/>
      <line num="67" count="16" type="stmt"/>
      <line num="74" count="13" type="stmt"/>
      <line num="75" count="13" type="cond" truecount="2" falsecount="0"/>
      <line num="76" count="6" type="stmt"/>
      <line num="77" count="7" type="cond" truecount="1" falsecount="1"/>
      <line num="78" count="7" type="stmt"/>
      <line num="80" count="7" type="stmt"/>
      <line num="81" count="12" type="stmt"/>
      <line num="82" count="12" type="stmt"/>
      <line num="83" count="12" type="stmt"/>
      <line num="84" count="12" type="stmt"/>
      <line num="87" count="13" type="stmt"/>
      <line num="106" count="2" type="stmt"/>
      <line num="107" count="2" type="stmt"/>
      <line num="109" count="2" type="stmt"/>
      <line num="110" count="2" type="stmt"/>
      <line num="111" count="10" type="stmt"/>
      <line num="113" count="2" type="stmt"/>
      <line num="114" count="10" type="cond" truecount="3" falsecount="1"/>
      <line num="115" count="10" type="cond" truecount="1" falsecount="1"/>
      <line num="116" count="0" type="stmt"/>
      <line num="117" count="0" type="stmt"/>
      <line num="123" count="2" type="stmt"/>
      <line num="124" count="0" type="stmt"/>
      <line num="129" count="0" type="stmt"/>
      <line num="130" count="0" type="cond" truecount="0" falsecount="2"/>
      <line num="131" count="0" type="stmt"/>
      <line num="132" count="0" type="stmt"/>
      <line num="133" count="0" type="stmt"/>
      <line num="134" count="0" type="stmt"/>
      <line num="137" count="0" type="stmt"/>
      <line num="138" count="0" type="stmt"/>
      <line num="139" count="0" type="stmt"/>
      <line num="150" count="4" type="stmt"/>
      <line num="152" count="22" type="cond" truecount="3" falsecount="1"/>
      <line num="155" count="4" type="stmt"/>
      <line num="157" count="4" type="stmt"/>
      <line num="158" count="4" type="stmt"/>
      <line num="159" count="4" type="stmt"/>
      <line num="160" count="4" type="stmt"/>
      <line num="163" count="4" type="stmt"/>
      <line num="165" count="4" type="stmt"/>
      <line num="167" count="4" type="stmt"/>
      <line num="185" count="6" type="stmt"/>
      <line num="197" count="80" type="cond" truecount="1" falsecount="1"/>
      <line num="198" count="67" type="stmt"/>
      <line num="210" count="87" type="cond" truecount="2" falsecount="0"/>
      <line num="211" count="1" type="stmt"/>
      <line num="213" count="86" type="cond" truecount="2" falsecount="0"/>
      <line num="214" count="6" type="stmt"/>
      <line num="216" count="80" type="cond" truecount="2" falsecount="0"/>
      <line num="217" count="11" type="stmt"/>
      <line num="219" count="69" type="stmt"/>
      <line num="231" count="18" type="stmt"/>
      <line num="232" count="15" type="stmt"/>
      <line num="233" count="15" type="stmt"/>
      <line num="235" count="1" type="stmt"/>
      <line num="244" count="13" type="stmt"/>
      <line num="245" count="13" type="stmt"/>
      <line num="247" count="0" type="stmt"/>
      <line num="260" count="23" type="stmt"/>
      <line num="261" count="18" type="stmt"/>
      <line num="262" count="18" type="stmt"/>
      <line num="264" count="1" type="stmt"/>
      <line num="273" count="7" type="stmt"/>
      <line num="274" count="7" type="stmt"/>
      <line num="276" count="0" type="stmt"/>
      <line num="289" count="11" type="cond" truecount="1" falsecount="1"/>
      <line num="290" count="9" type="stmt"/>
      <line num="302" count="0" type="cond" truecount="0" falsecount="2"/>
      <line num="303" count="0" type="stmt"/>
      <line num="304" count="0" type="stmt"/>
      <line num="305" count="0" type="stmt"/>
      <line num="307" count="0" type="stmt"/>
      <line num="320" count="0" type="stmt"/>
      <line num="321" count="0" type="stmt"/>
      <line num="325" count="0" type="stmt"/>
      <line num="329" count="0" type="stmt"/>
      <line num="331" count="0" type="stmt"/>
      <line num="335" count="13" type="stmt"/>
      <line num="339" count="12" type="stmt"/>
    </file>
  </project>
</coverage>
