{"C:\\src\\refactor-template\\src\\FileSystemManager.ts": {"path":"C:\\src\\refactor-template\\src\\FileSystemManager.ts","statementMap":{"0":{"start":{"line":1,"column":0},"end":{"line":1,"column":28}},"1":{"start":{"line":2,"column":0},"end":{"line":2,"column":98}},"2":{"start":{"line":6,"column":4},"end":{"line":6,"column":15}},"3":{"start":{"line":10,"column":4},"end":{"line":10,"column":21}},"4":{"start":{"line":4,"column":0},"end":{"line":4,"column":22}},"5":{"start":{"line":17,"column":4},"end":{"line":17,"column":56}},"6":{"start":{"line":15,"column":0},"end":{"line":15,"column":13}},"7":{"start":{"line":24,"column":4},"end":{"line":24,"column":61}},"8":{"start":{"line":22,"column":0},"end":{"line":22,"column":13}},"9":{"start":{"line":31,"column":4},"end":{"line":33,"column":6}},"10":{"start":{"line":29,"column":0},"end":{"line":29,"column":13}},"11":{"start":{"line":40,"column":4},"end":{"line":40,"column":50}},"12":{"start":{"line":38,"column":0},"end":{"line":38,"column":13}},"13":{"start":{"line":65,"column":21},"end":{"line":65,"column":45}},"14":{"start":{"line":65,"column":54},"end":{"line":65,"column":70}},"15":{"start":{"line":57,"column":9},"end":{"line":57,"column":44}},"16":{"start":{"line":66,"column":4},"end":{"line":66,"column":89}},"17":{"start":{"line":67,"column":4},"end":{"line":67,"column":60}},"18":{"start":{"line":74,"column":18},"end":{"line":74,"column":39}},"19":{"start":{"line":75,"column":4},"end":{"line":86,"column":null}},"20":{"start":{"line":76,"column":6},"end":{"line":76,"column":61}},"21":{"start":{"line":77,"column":11},"end":{"line":86,"column":null}},"22":{"start":{"line":78,"column":19},"end":{"line":78,"column":58}},"23":{"start":{"line":80,"column":6},"end":{"line":85,"column":null}},"24":{"start":{"line":81,"column":28},"end":{"line":81,"column":44}},"25":{"start":{"line":82,"column":26},"end":{"line":82,"column":60}},"26":{"start":{"line":83,"column":8},"end":{"line":83,"column":31}},"27":{"start":{"line":84,"column":8},"end":{"line":84,"column":38}},"28":{"start":{"line":87,"column":4},"end":{"line":87,"column":11}},"29":{"start":{"line":106,"column":4},"end":{"line":106,"column":92}},"30":{"start":{"line":107,"column":4},"end":{"line":107,"column":60}},"31":{"start":{"line":109,"column":34},"end":{"line":109,"column":81}},"32":{"start":{"line":110,"column":28},"end":{"line":110,"column":69}},"33":{"start":{"line":111,"column":23},"end":{"line":111,"column":85}},"34":{"start":{"line":111,"column":56},"end":{"line":111,"column":84}},"35":{"start":{"line":113,"column":4},"end":{"line":122,"column":null}},"36":{"start":{"line":114,"column":6},"end":{"line":114,"column":88}},"37":{"start":{"line":115,"column":6},"end":{"line":121,"column":null}},"38":{"start":{"line":116,"column":8},"end":{"line":116,"column":91}},"39":{"start":{"line":117,"column":8},"end":{"line":120,"column":10}},"40":{"start":{"line":123,"column":4},"end":{"line":125,"column":null}},"41":{"start":{"line":124,"column":6},"end":{"line":124,"column":99}},"42":{"start":{"line":129,"column":4},"end":{"line":129,"column":51}},"43":{"start":{"line":130,"column":4},"end":{"line":141,"column":null}},"44":{"start":{"line":131,"column":6},"end":{"line":131,"column":46}},"45":{"start":{"line":132,"column":6},"end":{"line":132,"column":59}},"46":{"start":{"line":133,"column":6},"end":{"line":135,"column":null}},"47":{"start":{"line":134,"column":8},"end":{"line":134,"column":37}},"48":{"start":{"line":137,"column":6},"end":{"line":137,"column":41}},"49":{"start":{"line":138,"column":6},"end":{"line":140,"column":null}},"50":{"start":{"line":139,"column":8},"end":{"line":139,"column":37}},"51":{"start":{"line":150,"column":4},"end":{"line":153,"column":16}},"52":{"start":{"line":152,"column":19},"end":{"line":152,"column":79}},"53":{"start":{"line":155,"column":19},"end":{"line":155,"column":69}},"54":{"start":{"line":155,"column":53},"end":{"line":155,"column":68}},"55":{"start":{"line":157,"column":31},"end":{"line":157,"column":48}},"56":{"start":{"line":158,"column":31},"end":{"line":158,"column":63}},"57":{"start":{"line":159,"column":32},"end":{"line":161,"column":15}},"58":{"start":{"line":160,"column":18},"end":{"line":160,"column":59}},"59":{"start":{"line":163,"column":6},"end":{"line":164,"column":62}},"60":{"start":{"line":165,"column":31},"end":{"line":165,"column":49}},"61":{"start":{"line":167,"column":4},"end":{"line":173,"column":6}},"62":{"start":{"line":185,"column":4},"end":{"line":185,"column":68}},"63":{"start":{"line":197,"column":4},"end":{"line":199,"column":null}},"64":{"start":{"line":198,"column":6},"end":{"line":198,"column":36}},"65":{"start":{"line":210,"column":4},"end":{"line":212,"column":null}},"66":{"start":{"line":211,"column":6},"end":{"line":211,"column":48}},"67":{"start":{"line":213,"column":4},"end":{"line":215,"column":null}},"68":{"start":{"line":214,"column":6},"end":{"line":214,"column":51}},"69":{"start":{"line":216,"column":4},"end":{"line":218,"column":null}},"70":{"start":{"line":217,"column":6},"end":{"line":217,"column":54}},"71":{"start":{"line":219,"column":4},"end":{"line":219,"column":16}},"72":{"start":{"line":231,"column":4},"end":{"line":231,"column":58}},"73":{"start":{"line":232,"column":4},"end":{"line":236,"column":null}},"74":{"start":{"line":233,"column":6},"end":{"line":233,"column":49}},"75":{"start":{"line":235,"column":6},"end":{"line":235,"column":30}},"76":{"start":{"line":244,"column":4},"end":{"line":248,"column":null}},"77":{"start":{"line":245,"column":6},"end":{"line":245,"column":45}},"78":{"start":{"line":247,"column":6},"end":{"line":247,"column":19}},"79":{"start":{"line":260,"column":4},"end":{"line":260,"column":58}},"80":{"start":{"line":261,"column":4},"end":{"line":265,"column":null}},"81":{"start":{"line":262,"column":6},"end":{"line":262,"column":54}},"82":{"start":{"line":264,"column":6},"end":{"line":264,"column":35}},"83":{"start":{"line":273,"column":4},"end":{"line":277,"column":null}},"84":{"start":{"line":274,"column":6},"end":{"line":274,"column":50}},"85":{"start":{"line":276,"column":6},"end":{"line":276,"column":19}},"86":{"start":{"line":289,"column":4},"end":{"line":291,"column":null}},"87":{"start":{"line":290,"column":6},"end":{"line":290,"column":67}},"88":{"start":{"line":302,"column":4},"end":{"line":309,"column":null}},"89":{"start":{"line":303,"column":6},"end":{"line":308,"column":null}},"90":{"start":{"line":304,"column":8},"end":{"line":304,"column":47}},"91":{"start":{"line":305,"column":8},"end":{"line":305,"column":20}},"92":{"start":{"line":307,"column":8},"end":{"line":307,"column":18}},"93":{"start":{"line":320,"column":4},"end":{"line":320,"column":49}},"94":{"start":{"line":321,"column":4},"end":{"line":321,"column":38}},"95":{"start":{"line":325,"column":4},"end":{"line":330,"column":7}},"96":{"start":{"line":329,"column":41},"end":{"line":329,"column":59}},"97":{"start":{"line":331,"column":4},"end":{"line":331,"column":40}},"98":{"start":{"line":331,"column":29},"end":{"line":331,"column":38}},"99":{"start":{"line":335,"column":4},"end":{"line":340,"column":7}},"100":{"start":{"line":339,"column":41},"end":{"line":339,"column":53}},"101":{"start":{"line":44,"column":0},"end":{"line":44,"column":13}}},"fnMap":{"0":{"name":"(anonymous_0)","decl":{"start":{"line":5,"column":2},"end":{"line":5,"column":14}},"loc":{"start":{"line":5,"column":25},"end":{"line":7,"column":3}}},"1":{"name":"(anonymous_1)","decl":{"start":{"line":9,"column":2},"end":{"line":9,"column":8}},"loc":{"start":{"line":9,"column":17},"end":{"line":11,"column":3}}},"2":{"name":"(anonymous_2)","decl":{"start":{"line":16,"column":2},"end":{"line":16,"column":null}},"loc":{"start":{"line":16,"column":2},"end":{"line":18,"column":3}}},"3":{"name":"(anonymous_3)","decl":{"start":{"line":23,"column":2},"end":{"line":23,"column":null}},"loc":{"start":{"line":23,"column":2},"end":{"line":25,"column":3}}},"4":{"name":"(anonymous_4)","decl":{"start":{"line":30,"column":2},"end":{"line":30,"column":14}},"loc":{"start":{"line":30,"column":35},"end":{"line":34,"column":3}}},"5":{"name":"(anonymous_5)","decl":{"start":{"line":39,"column":2},"end":{"line":39,"column":14}},"loc":{"start":{"line":39,"column":35},"end":{"line":41,"column":3}}},"6":{"name":"(anonymous_6)","decl":{"start":{"line":65,"column":2},"end":{"line":65,"column":21}},"loc":{"start":{"line":65,"column":70},"end":{"line":68,"column":3}}},"7":{"name":"(anonymous_7)","decl":{"start":{"line":73,"column":9},"end":{"line":73,"column":14}},"loc":{"start":{"line":73,"column":19},"end":{"line":88,"column":3}}},"8":{"name":"(anonymous_8)","decl":{"start":{"line":100,"column":9},"end":{"line":100,"column":19}},"loc":{"start":{"line":104,"column":20},"end":{"line":126,"column":3}}},"9":{"name":"(anonymous_9)","decl":{"start":{"line":111,"column":49},"end":{"line":111,"column":50}},"loc":{"start":{"line":111,"column":56},"end":{"line":111,"column":84}}},"10":{"name":"(anonymous_10)","decl":{"start":{"line":128,"column":9},"end":{"line":128,"column":14}},"loc":{"start":{"line":128,"column":28},"end":{"line":142,"column":3}}},"11":{"name":"(anonymous_11)","decl":{"start":{"line":149,"column":10},"end":{"line":149,"column":24}},"loc":{"start":{"line":149,"column":44},"end":{"line":174,"column":3}}},"12":{"name":"(anonymous_12)","decl":{"start":{"line":152,"column":11},"end":{"line":152,"column":12}},"loc":{"start":{"line":152,"column":19},"end":{"line":152,"column":79}}},"13":{"name":"(anonymous_13)","decl":{"start":{"line":155,"column":46},"end":{"line":155,"column":47}},"loc":{"start":{"line":155,"column":53},"end":{"line":155,"column":68}}},"14":{"name":"(anonymous_14)","decl":{"start":{"line":160,"column":11},"end":{"line":160,"column":12}},"loc":{"start":{"line":160,"column":18},"end":{"line":160,"column":59}}},"15":{"name":"(anonymous_15)","decl":{"start":{"line":184,"column":2},"end":{"line":184,"column":8}},"loc":{"start":{"line":184,"column":54},"end":{"line":186,"column":3}}},"16":{"name":"(anonymous_16)","decl":{"start":{"line":196,"column":2},"end":{"line":196,"column":8}},"loc":{"start":{"line":196,"column":49},"end":{"line":200,"column":3}}},"17":{"name":"(anonymous_17)","decl":{"start":{"line":209,"column":2},"end":{"line":209,"column":8}},"loc":{"start":{"line":209,"column":49},"end":{"line":220,"column":3}}},"18":{"name":"(anonymous_18)","decl":{"start":{"line":230,"column":2},"end":{"line":230,"column":8}},"loc":{"start":{"line":230,"column":42},"end":{"line":237,"column":3}}},"19":{"name":"(anonymous_19)","decl":{"start":{"line":243,"column":2},"end":{"line":243,"column":8}},"loc":{"start":{"line":243,"column":46},"end":{"line":249,"column":3}}},"20":{"name":"(anonymous_20)","decl":{"start":{"line":259,"column":2},"end":{"line":259,"column":8}},"loc":{"start":{"line":259,"column":47},"end":{"line":266,"column":3}}},"21":{"name":"(anonymous_21)","decl":{"start":{"line":272,"column":2},"end":{"line":272,"column":8}},"loc":{"start":{"line":272,"column":51},"end":{"line":278,"column":3}}},"22":{"name":"(anonymous_22)","decl":{"start":{"line":288,"column":2},"end":{"line":288,"column":8}},"loc":{"start":{"line":288,"column":44},"end":{"line":292,"column":3}}},"23":{"name":"(anonymous_23)","decl":{"start":{"line":301,"column":2},"end":{"line":301,"column":7}},"loc":{"start":{"line":301,"column":60},"end":{"line":310,"column":3}}},"24":{"name":"(anonymous_24)","decl":{"start":{"line":319,"column":2},"end":{"line":319,"column":8}},"loc":{"start":{"line":319,"column":45},"end":{"line":322,"column":3}}},"25":{"name":"(anonymous_25)","decl":{"start":{"line":324,"column":9},"end":{"line":324,"column":14}},"loc":{"start":{"line":324,"column":14},"end":{"line":332,"column":3}}},"26":{"name":"(anonymous_26)","decl":{"start":{"line":329,"column":34},"end":{"line":329,"column":35}},"loc":{"start":{"line":329,"column":41},"end":{"line":329,"column":59}}},"27":{"name":"(anonymous_27)","decl":{"start":{"line":331,"column":22},"end":{"line":331,"column":23}},"loc":{"start":{"line":331,"column":29},"end":{"line":331,"column":38}}},"28":{"name":"(anonymous_28)","decl":{"start":{"line":334,"column":9},"end":{"line":334,"column":17}},"loc":{"start":{"line":334,"column":17},"end":{"line":341,"column":3}}},"29":{"name":"(anonymous_29)","decl":{"start":{"line":339,"column":34},"end":{"line":339,"column":35}},"loc":{"start":{"line":339,"column":41},"end":{"line":339,"column":53}}}},"branchMap":{"0":{"loc":{"start":{"line":75,"column":4},"end":{"line":86,"column":null}},"type":"if","locations":[{"start":{"line":75,"column":4},"end":{"line":86,"column":null}},{"start":{"line":75,"column":4},"end":{"line":86,"column":null}}]},"1":{"loc":{"start":{"line":77,"column":11},"end":{"line":86,"column":null}},"type":"if","locations":[{"start":{"line":77,"column":11},"end":{"line":86,"column":null}},{"start":{"line":77,"column":11},"end":{"line":86,"column":null}}]},"2":{"loc":{"start":{"line":104,"column":15},"end":{"line":104,"column":20}},"type":"default-arg","locations":[{"start":{"line":104,"column":15},"end":{"line":104,"column":20}}]},"3":{"loc":{"start":{"line":114,"column":33},"end":{"line":114,"column":35}},"type":"cond-expr","locations":[{"start":{"line":114,"column":33},"end":{"line":114,"column":35}},{"start":{"line":114,"column":33},"end":{"line":114,"column":87}}]},"4":{"loc":{"start":{"line":114,"column":21},"end":{"line":114,"column":35}},"type":"binary-expr","locations":[{"start":{"line":114,"column":21},"end":{"line":114,"column":35}},{"start":{"line":114,"column":33},"end":{"line":114,"column":35}}]},"5":{"loc":{"start":{"line":115,"column":6},"end":{"line":121,"column":null}},"type":"if","locations":[{"start":{"line":115,"column":6},"end":{"line":121,"column":null}},{"start":{"line":115,"column":6},"end":{"line":121,"column":null}}]},"6":{"loc":{"start":{"line":130,"column":4},"end":{"line":141,"column":null}},"type":"if","locations":[{"start":{"line":130,"column":4},"end":{"line":141,"column":null}},{"start":{"line":130,"column":4},"end":{"line":141,"column":null}}]},"7":{"loc":{"start":{"line":152,"column":68},"end":{"line":152,"column":75}},"type":"cond-expr","locations":[{"start":{"line":152,"column":68},"end":{"line":152,"column":75}},{"start":{"line":152,"column":78},"end":{"line":152,"column":79}}]},"8":{"loc":{"start":{"line":152,"column":19},"end":{"line":152,"column":40}},"type":"binary-expr","locations":[{"start":{"line":152,"column":19},"end":{"line":152,"column":40}},{"start":{"line":152,"column":44},"end":{"line":152,"column":65}}]},"9":{"loc":{"start":{"line":197,"column":4},"end":{"line":199,"column":null}},"type":"if","locations":[{"start":{"line":197,"column":4},"end":{"line":199,"column":null}},{"start":{"line":197,"column":4},"end":{"line":199,"column":null}}]},"10":{"loc":{"start":{"line":210,"column":4},"end":{"line":212,"column":null}},"type":"if","locations":[{"start":{"line":210,"column":4},"end":{"line":212,"column":null}},{"start":{"line":210,"column":4},"end":{"line":212,"column":null}}]},"11":{"loc":{"start":{"line":213,"column":4},"end":{"line":215,"column":null}},"type":"if","locations":[{"start":{"line":213,"column":4},"end":{"line":215,"column":null}},{"start":{"line":213,"column":4},"end":{"line":215,"column":null}}]},"12":{"loc":{"start":{"line":216,"column":4},"end":{"line":218,"column":null}},"type":"if","locations":[{"start":{"line":216,"column":4},"end":{"line":218,"column":null}},{"start":{"line":216,"column":4},"end":{"line":218,"column":null}}]},"13":{"loc":{"start":{"line":289,"column":4},"end":{"line":291,"column":null}},"type":"if","locations":[{"start":{"line":289,"column":4},"end":{"line":291,"column":null}},{"start":{"line":289,"column":4},"end":{"line":291,"column":null}}]},"14":{"loc":{"start":{"line":302,"column":4},"end":{"line":309,"column":null}},"type":"if","locations":[{"start":{"line":302,"column":4},"end":{"line":309,"column":null}},{"start":{"line":302,"column":4},"end":{"line":309,"column":null}}]}},"s":{"0":1,"1":1,"2":20,"3":16,"4":1,"5":1,"6":1,"7":1,"8":1,"9":11,"10":1,"11":7,"12":1,"13":16,"14":16,"15":16,"16":16,"17":16,"18":13,"19":13,"20":6,"21":7,"22":7,"23":7,"24":12,"25":12,"26":12,"27":12,"28":13,"29":2,"30":2,"31":2,"32":2,"33":2,"34":10,"35":2,"36":10,"37":10,"38":0,"39":0,"40":2,"41":0,"42":0,"43":0,"44":0,"45":0,"46":0,"47":0,"48":0,"49":0,"50":0,"51":4,"52":22,"53":4,"54":4,"55":4,"56":4,"57":4,"58":4,"59":4,"60":4,"61":4,"62":6,"63":80,"64":67,"65":87,"66":1,"67":86,"68":6,"69":80,"70":11,"71":69,"72":18,"73":15,"74":15,"75":1,"76":13,"77":13,"78":0,"79":23,"80":18,"81":18,"82":1,"83":7,"84":7,"85":0,"86":11,"87":9,"88":0,"89":0,"90":0,"91":0,"92":0,"93":0,"94":0,"95":0,"96":0,"97":0,"98":0,"99":13,"100":12,"101":1},"f":{"0":20,"1":16,"2":1,"3":1,"4":11,"5":7,"6":16,"7":13,"8":2,"9":10,"10":0,"11":4,"12":22,"13":4,"14":4,"15":6,"16":80,"17":87,"18":18,"19":13,"20":23,"21":7,"22":11,"23":0,"24":0,"25":0,"26":0,"27":0,"28":13,"29":12},"b":{"0":[6,7],"1":[7,0],"2":[2],"3":[10,0],"4":[10,10],"5":[0,10],"6":[0,0],"7":[0,22],"8":[22,22],"9":[67,0],"10":[1,86],"11":[6,80],"12":[11,69],"13":[9,0],"14":[0,0]}}
}
