TN:
SF:src\FileSystemManager.ts
FN:5,(anonymous_0)
FN:9,(anonymous_1)
FN:16,(anonymous_2)
FN:23,(anonymous_3)
FN:30,(anonymous_4)
FN:39,(anonymous_5)
FN:65,(anonymous_6)
FN:73,(anonymous_7)
FN:100,(anonymous_8)
FN:111,(anonymous_9)
FN:128,(anonymous_10)
FN:149,(anonymous_11)
FN:152,(anonymous_12)
FN:155,(anonymous_13)
FN:160,(anonymous_14)
FN:184,(anonymous_15)
FN:196,(anonymous_16)
FN:209,(anonymous_17)
FN:230,(anonymous_18)
FN:243,(anonymous_19)
FN:259,(anonymous_20)
FN:272,(anonymous_21)
FN:288,(anonymous_22)
FN:301,(anonymous_23)
FN:319,(anonymous_24)
FN:324,(anonymous_25)
FN:329,(anonymous_26)
FN:331,(anonymous_27)
FN:334,(anonymous_28)
FN:339,(anonymous_29)
FNF:30
FNH:24
FNDA:20,(anonymous_0)
FNDA:16,(anonymous_1)
FNDA:1,(anonymous_2)
FNDA:1,(anonymous_3)
FNDA:11,(anonymous_4)
FNDA:7,(anonymous_5)
FNDA:16,(anonymous_6)
FNDA:13,(anonymous_7)
FNDA:2,(anonymous_8)
FNDA:10,(anonymous_9)
FNDA:0,(anonymous_10)
FNDA:4,(anonymous_11)
FNDA:22,(anonymous_12)
FNDA:4,(anonymous_13)
FNDA:4,(anonymous_14)
FNDA:6,(anonymous_15)
FNDA:80,(anonymous_16)
FNDA:87,(anonymous_17)
FNDA:18,(anonymous_18)
FNDA:13,(anonymous_19)
FNDA:23,(anonymous_20)
FNDA:7,(anonymous_21)
FNDA:11,(anonymous_22)
FNDA:0,(anonymous_23)
FNDA:0,(anonymous_24)
FNDA:0,(anonymous_25)
FNDA:0,(anonymous_26)
FNDA:0,(anonymous_27)
FNDA:13,(anonymous_28)
FNDA:12,(anonymous_29)
DA:1,1
DA:2,1
DA:4,1
DA:6,20
DA:10,16
DA:15,1
DA:17,1
DA:22,1
DA:24,1
DA:29,1
DA:31,11
DA:38,1
DA:40,7
DA:44,1
DA:57,16
DA:65,16
DA:66,16
DA:67,16
DA:74,13
DA:75,13
DA:76,6
DA:77,7
DA:78,7
DA:80,7
DA:81,12
DA:82,12
DA:83,12
DA:84,12
DA:87,13
DA:106,2
DA:107,2
DA:109,2
DA:110,2
DA:111,10
DA:113,2
DA:114,10
DA:115,10
DA:116,0
DA:117,0
DA:123,2
DA:124,0
DA:129,0
DA:130,0
DA:131,0
DA:132,0
DA:133,0
DA:134,0
DA:137,0
DA:138,0
DA:139,0
DA:150,4
DA:152,22
DA:155,4
DA:157,4
DA:158,4
DA:159,4
DA:160,4
DA:163,4
DA:165,4
DA:167,4
DA:185,6
DA:197,80
DA:198,67
DA:210,87
DA:211,1
DA:213,86
DA:214,6
DA:216,80
DA:217,11
DA:219,69
DA:231,18
DA:232,15
DA:233,15
DA:235,1
DA:244,13
DA:245,13
DA:247,0
DA:260,23
DA:261,18
DA:262,18
DA:264,1
DA:273,7
DA:274,7
DA:276,0
DA:289,11
DA:290,9
DA:302,0
DA:303,0
DA:304,0
DA:305,0
DA:307,0
DA:320,0
DA:321,0
DA:325,0
DA:329,0
DA:331,0
DA:335,13
DA:339,12
LF:98
LH:74
BRDA:75,0,0,6
BRDA:75,0,1,7
BRDA:77,1,0,7
BRDA:77,1,1,0
BRDA:104,2,0,2
BRDA:114,3,0,10
BRDA:114,3,1,0
BRDA:114,4,0,10
BRDA:114,4,1,10
BRDA:115,5,0,0
BRDA:115,5,1,10
BRDA:130,6,0,0
BRDA:130,6,1,0
BRDA:152,7,0,0
BRDA:152,7,1,22
BRDA:152,8,0,22
BRDA:152,8,1,22
BRDA:197,9,0,67
BRDA:197,9,1,0
BRDA:210,10,0,1
BRDA:210,10,1,86
BRDA:213,11,0,6
BRDA:213,11,1,80
BRDA:216,12,0,11
BRDA:216,12,1,69
BRDA:289,13,0,9
BRDA:289,13,1,0
BRDA:302,14,0,0
BRDA:302,14,1,0
BRF:29
BRH:19
end_of_record
